# JRE version: OpenJDK Runtime Environment (21.0.3) (build 21.0.3+-79915917-b509.11)
# Java VM: OpenJDK 64-Bit Server VM (21.0.3+-79915917-b509.11, mixed mode, tiered, compressed oops, compressed class ptrs, g1 gc, bsd-aarch64)
GC Precious Log:
 CardTable entry size: 512
 Card Set container configuration: InlinePtr #cards 5 size 8 Array Of Cards #cards 12 size 40 Howl #buckets 4 coarsen threshold 1843 Howl Bitmap #cards 512 size 80 coarsen threshold 460 Card regions per heap region 1 cards per card region 2048
 CPUs: 10 total, 10 available
 Memory: 16384M
 Large Page Support: Disabled
 NUMA Support: Disabled
 Compressed Oops: Enabled (Zero based)
 Heap Region Size: 1M
 Heap Min Capacity: 256M
 Heap Initial Capacity: 256M
 Heap Max Capacity: 2G
 Pre-touch: Disabled
 Parallel Workers: 9
 Concurrent Workers: 2
 Concurrent Refinement Workers: 9
 Periodic GC: Disabled
Heap:
 garbage-first heap   total 262144K, used 64000K [0x0000000780000000, 0x0000000800000000)
  region size 1024K, 19 young (19456K), 5 survivors (5120K)
 Metaspace       used 19745K, committed 20032K, reserved 1114112K
  class space    used 1835K, committed 1984K, reserved 1048576K
GC Heap History (6 events):
Event: 0.194 GC heap before
{Heap before GC invocations=0 (full 0):
 garbage-first heap   total 262144K, used 30720K [0x0000000780000000, 0x0000000800000000)
  region size 1024K, 23 young (23552K), 0 survivors (0K)
 Metaspace       used 15103K, committed 15296K, reserved 1114112K
  class space    used 1406K, committed 1472K, reserved 1048576K
}
Event: 0.197 GC heap after
{Heap after GC invocations=1 (full 0):
 garbage-first heap   total 262144K, used 14720K [0x0000000780000000, 0x0000000800000000)
  region size 1024K, 3 young (3072K), 3 survivors (3072K)
 Metaspace       used 15103K, committed 15296K, reserved 1114112K
  class space    used 1406K, committed 1472K, reserved 1048576K
}
Event: 0.223 GC heap before
{Heap before GC invocations=1 (full 0):
 garbage-first heap   total 262144K, used 40320K [0x0000000780000000, 0x0000000800000000)
  region size 1024K, 29 young (29696K), 3 survivors (3072K)
 Metaspace       used 16689K, committed 16960K, reserved 1114112K
  class space    used 1552K, committed 1664K, reserved 1048576K
}
Event: 0.227 GC heap after
{Heap after GC invocations=2 (full 0):
 garbage-first heap   total 262144K, used 31997K [0x0000000780000000, 0x0000000800000000)
  region size 1024K, 4 young (4096K), 4 survivors (4096K)
 Metaspace       used 16689K, committed 16960K, reserved 1114112K
  class space    used 1552K, committed 1664K, reserved 1048576K
}
Event: 0.263 GC heap before
{Heap before GC invocations=2 (full 0):
 garbage-first heap   total 262144K, used 63741K [0x0000000780000000, 0x0000000800000000)
  region size 1024K, 36 young (36864K), 4 survivors (4096K)
 Metaspace       used 18044K, committed 18304K, reserved 1114112K
  class space    used 1655K, committed 1792K, reserved 1048576K
}
Event: 0.267 GC heap after
{Heap after GC invocations=3 (full 0):
 garbage-first heap   total 262144K, used 50688K [0x0000000780000000, 0x0000000800000000)
  region size 1024K, 5 young (5120K), 5 survivors (5120K)
 Metaspace       used 18044K, committed 18304K, reserved 1114112K
  class space    used 1655K, committed 1792K, reserved 1048576K
}

